Arguments: 
  D:\AFloard\node\node.exe D:\AFloard\node\node_global\node_modules\yarn\bin\yarn.js add electron-squirrel-startup

PATH: 
  D:\一些资料\nodejs\Music_Widget\node_modules\.bin;D:\一些资料\nodejs\Music_Widget\node_modules\.bin;D:\一些资料\nodejs\node_modules\.bin;D:\一些资料\node_modules\.bin;D:\node_modules\.bin;D:\AFloard\node\node_global\node_modules\npm\node_modules\@npmcli\run-script\lib\node-gyp-bin;D:\AFloard\PlasticSCM5\server;D:\AFloard\PlasticSCM5\client;C:\Program Files\Microsoft\jdk-11.0.12.7-hotspot\bin;C:\Program Files\Common Files\Oracle\Java\javapath;C:\Program Files (x86)\Common Files\Oracle\Java\javapath;D:\AFloard\VMware\bin\;C:\WINDOWS\system32;C:\WINDOWS;C:\WINDOWS\system32\WBEM;C:\Users\cxy68\MiniConda3;C:\Users\cxy68\MiniConda3\Scripts;D:\AFloard\Git\cmd;C:\Program Files\Microsoft VS Code\bin;C:\Program Files\NVIDIA Corporation\NVIDIA NvDLISR;C:\Windows\System32\OpenSSH\;C:\WINDOWS\System32\OpenSSH\;C:\WINDOWS\System32\Wbem;C:\WINDOWS\System32\WindowsPowerShell\v1.0\;C:\Program Files (x86)\NVIDIA Corporation\PhysX\Common;D:\AFloard\py3.8.5;C:\Program Files\Go\bin;D:\AFloard\node;C:\Program Files\Microsoft\Web Platform Installer\;D:\AFloard\vivo\EasyShare\x86\;D:\AFloard\vivo\EasyShare\x64\;D:\AFloard\bandzip\Bandizip\;D:\AFloard\Gradle\gradle-7.5\bin;C:\Program Files (x86)\ZeroTier\One\;D:\PuTTY\;C:\WINDOWS\system32;C:\WINDOWS;C:\WINDOWS\System32\Wbem;C:\WINDOWS\System32\WindowsPowerShell\v1.0\;C:\WINDOWS\System32\OpenSSH\;C:\Program Files\dotnet\;D:\AFloard\gcc\mingw64\bin;D:\AFloard\Download\flutter\bin;D:\AFloard\ADB;D:\AFloard\quantumkit\pcsuite\;C:\Program Files\Microsoft SQL Server\120\Tools\Binn\;C:\Program Files\Common Files\Autodesk Shared\;D:\AFloard\node\;C:\Program Files\NVIDIA GPU Computing Toolkit\CUDA\v11.1\bin;C:\Program Files\NVIDIA GPU Computing Toolkit\CUDA\v11.1\extras\CUPTI\lib64;C:\Program Files\NVIDIA GPU Computing Toolkit\CUDA\v11.1\include;C:\Program Files\NVIDIA GPU Computing Toolkit\CUDA\v11.1\lib;C:\Program Files\NVIDIA GPU Computing Toolkit\CUDA\v11.1\libnvvp;D:\AFloard\Download\ffmpeg\ffmpeg\bin;C:\Users\cxy68\AppData\Local\Programs\Python\Python39\Scripts\;C:\Users\cxy68\AppData\Local\Programs\Python\Python39\;D:\AFloard\py3.8.5\Scripts\;D:\AFloard\py3.8.5\;C:\Users\cxy68\AppData\Local\Microsoft\WindowsApps;C:\Users\cxy68\.dotnet\tools;D:\AFloard\node\node_global;C:\Users\cxy68\go\bin;D:\AFloard\QQGames\Hall.57768\;C:\Users\cxy68\AppData\Local\GitHubDesktop\bin;D:\AFloard\Fiddler;C:\Users\cxy68\.dotnet\tools;C:\Users\cxy68\AppData\Roaming\npm;D:\AFloard\Download\ffmpeg-2023-08-17-git-9ae4863cc5-full_build\ffmpeg-2023-08-17-git-9ae4863cc5-full_build\bin

Yarn version: 
  1.22.19

Node version: 
  18.16.1

Platform: 
  win32 x64

Trace: 
  Error: ENOENT: no such file or directory, copyfile 'C:\Users\cxy68\AppData\Local\Yarn\Cache\v6\npm-ansi-styles-2.2.1-b432dd3358b634cf75e1e4664368240533c1ddbe-integrity\node_modules\ansi-styles\index.js' -> 'D:\一些资料\nodejs\Music_Widget\node_modules\babel-code-frame\node_modules\ansi-styles\index.js'

npm manifest: 
  {
    "name": "music_widget",
    "version": "1.0.0",
    "description": "a music_widget",
    "main": "main.js",
    "scripts": {
      "test": "echo \"Error: no test specified\" && exit 1",
      "start": "electron-forge start",
      "package": "electron-forge package",
      "make": "electron-forge make"
    },
    "_nodert": {
      "runtime": "electron",
      "modules": [
        "windows.devices.geolocation",
        "windows.device.sensors"
      ]
    },
    "type": "commonjs",
    "author": "cloudy233",
    "license": "MIT",
    "dependencies": {
      "@nodert-win11-22h2/windows.media": "^0.1.6"
    },
    "devDependencies": {
      "@electron-forge/cli": "^6.4.2",
      "@electron/rebuild": "^3.3.0",
      "@electron/remote": "^2.0.11",
      "axios": "^1.5.0",
      "babel-core": "^6.26.3",
      "babel-loader": "^9.1.3",
      "babel-preset-env": "^1.7.0",
      "babel-register": "^6.26.0",
      "electron": "^26.2.0",
      "electron-devtools-installer": "^3.2.0",
      "electron-edge-js": "^23.0.0",
      "electron-reloader": "^1.2.3",
      "electron-store": "^8.1.0",
      "electron-updater": "^6.1.4",
      "node-abi": "^3.47.0",
      "sleep": "^6.3.0",
      "windows.media": "^0.1.6"
    }
  }

yarn manifest: 
  No manifest

Lockfile: 
  No lockfile
